mode: set
github.com/Thanh17b4/practice/handler/activate.go:18.73,20.2 1 0
github.com/Thanh17b4/practice/handler/activate.go:21.73,29.16 5 0
github.com/Thanh17b4/practice/handler/activate.go:33.2,34.16 2 0
github.com/Thanh17b4/practice/handler/activate.go:38.2,41.8 2 0
github.com/Thanh17b4/practice/handler/activate.go:29.16,32.3 2 0
github.com/Thanh17b4/practice/handler/activate.go:34.16,37.3 2 0
github.com/Thanh17b4/practice/handler/login.go:25.61,27.2 1 0
github.com/Thanh17b4/practice/handler/login.go:29.69,37.16 5 0
github.com/Thanh17b4/practice/handler/login.go:41.2,42.16 2 0
github.com/Thanh17b4/practice/handler/login.go:46.2,49.8 2 0
github.com/Thanh17b4/practice/handler/login.go:37.16,40.3 2 0
github.com/Thanh17b4/practice/handler/login.go:42.16,45.3 2 0
github.com/Thanh17b4/practice/handler/login.go:52.71,55.26 3 0
github.com/Thanh17b4/practice/handler/login.go:59.2,61.16 3 0
github.com/Thanh17b4/practice/handler/login.go:64.2,64.56 1 0
github.com/Thanh17b4/practice/handler/login.go:55.26,58.3 2 0
github.com/Thanh17b4/practice/handler/login.go:61.16,63.3 1 0
github.com/Thanh17b4/practice/handler/otp.go:19.53,21.2 1 0
github.com/Thanh17b4/practice/handler/otp.go:22.79,26.16 4 0
github.com/Thanh17b4/practice/handler/otp.go:31.2,32.16 2 0
github.com/Thanh17b4/practice/handler/otp.go:36.2,36.55 1 0
github.com/Thanh17b4/practice/handler/otp.go:26.16,29.3 2 0
github.com/Thanh17b4/practice/handler/otp.go:32.16,35.3 2 0
github.com/Thanh17b4/practice/handler/user.go:26.57,28.2 1 1
github.com/Thanh17b4/practice/handler/user.go:30.77,34.16 4 1
github.com/Thanh17b4/practice/handler/user.go:38.2,39.16 2 1
github.com/Thanh17b4/practice/handler/user.go:43.2,43.55 1 0
github.com/Thanh17b4/practice/handler/user.go:34.16,37.3 2 1
github.com/Thanh17b4/practice/handler/user.go:39.16,42.3 2 1
github.com/Thanh17b4/practice/handler/user.go:46.73,49.16 3 0
github.com/Thanh17b4/practice/handler/user.go:53.2,55.16 3 0
github.com/Thanh17b4/practice/handler/user.go:59.2,60.29 2 0
github.com/Thanh17b4/practice/handler/user.go:49.16,52.3 2 0
github.com/Thanh17b4/practice/handler/user.go:55.16,58.3 2 0
github.com/Thanh17b4/practice/handler/user.go:60.29,62.3 1 0
github.com/Thanh17b4/practice/handler/user.go:65.81,68.16 3 0
github.com/Thanh17b4/practice/handler/user.go:72.2,73.16 2 0
github.com/Thanh17b4/practice/handler/user.go:77.2,77.52 1 0
github.com/Thanh17b4/practice/handler/user.go:68.16,71.3 2 0
github.com/Thanh17b4/practice/handler/user.go:73.16,76.3 2 0
github.com/Thanh17b4/practice/handler/user.go:80.78,84.16 4 0
github.com/Thanh17b4/practice/handler/user.go:88.2,91.16 3 0
github.com/Thanh17b4/practice/handler/user.go:95.2,97.16 3 0
github.com/Thanh17b4/practice/handler/user.go:101.2,101.56 1 0
github.com/Thanh17b4/practice/handler/user.go:84.16,87.3 2 0
github.com/Thanh17b4/practice/handler/user.go:91.16,94.3 2 0
github.com/Thanh17b4/practice/handler/user.go:97.16,100.3 2 0
github.com/Thanh17b4/practice/handler/user.go:104.78,107.16 3 0
github.com/Thanh17b4/practice/handler/user.go:111.2,112.16 2 0
github.com/Thanh17b4/practice/handler/user.go:115.2,117.4 1 0
github.com/Thanh17b4/practice/handler/user.go:107.16,110.3 2 0
github.com/Thanh17b4/practice/handler/user.go:112.16,114.3 1 0
github.com/Thanh17b4/practice/service/user.go:20.53,22.2 1 1
github.com/Thanh17b4/practice/service/user.go:23.82,25.2 1 1
github.com/Thanh17b4/practice/service/user.go:27.71,30.2 1 1
github.com/Thanh17b4/practice/service/user.go:31.79,33.2 1 1
github.com/Thanh17b4/practice/service/user.go:34.62,37.2 1 1
github.com/Thanh17b4/practice/service/user.go:39.56,42.2 2 1
github.com/Thanh17b4/practice/service/user.go:44.71,46.16 2 1
github.com/Thanh17b4/practice/service/user.go:49.2,51.31 3 1
github.com/Thanh17b4/practice/service/user.go:46.16,48.3 1 0
github.com/Thanh17b4/practice/service/activate.go:13.71,15.2 1 1
github.com/Thanh17b4/practice/service/activate.go:16.76,18.16 2 1
github.com/Thanh17b4/practice/service/activate.go:21.2,22.16 2 1
github.com/Thanh17b4/practice/service/activate.go:25.2,25.25 1 1
github.com/Thanh17b4/practice/service/activate.go:28.2,29.30 2 1
github.com/Thanh17b4/practice/service/activate.go:32.2,32.23 1 1
github.com/Thanh17b4/practice/service/activate.go:18.16,20.3 1 1
github.com/Thanh17b4/practice/service/activate.go:22.16,24.3 1 1
github.com/Thanh17b4/practice/service/activate.go:25.25,27.3 1 1
github.com/Thanh17b4/practice/service/activate.go:29.30,31.3 1 1
github.com/Thanh17b4/practice/service/login.go:28.65,30.2 1 1
github.com/Thanh17b4/practice/service/login.go:32.93,34.16 2 1
github.com/Thanh17b4/practice/service/login.go:37.2,37.18 1 1
github.com/Thanh17b4/practice/service/login.go:34.16,36.3 1 1
github.com/Thanh17b4/practice/service/login.go:40.65,53.16 6 1
github.com/Thanh17b4/practice/service/login.go:56.2,56.25 1 1
github.com/Thanh17b4/practice/service/login.go:53.16,55.3 1 0
github.com/Thanh17b4/practice/service/login.go:59.60,60.17 1 1
github.com/Thanh17b4/practice/service/login.go:63.2,63.47 1 1
github.com/Thanh17b4/practice/service/login.go:60.17,62.3 1 1
github.com/Thanh17b4/practice/service/login.go:66.76,68.16 2 1
github.com/Thanh17b4/practice/service/login.go:72.2,73.16 2 1
github.com/Thanh17b4/practice/service/login.go:77.2,78.16 2 1
github.com/Thanh17b4/practice/service/login.go:82.2,83.16 2 1
github.com/Thanh17b4/practice/service/login.go:87.2,87.19 1 1
github.com/Thanh17b4/practice/service/login.go:68.16,70.3 1 1
github.com/Thanh17b4/practice/service/login.go:73.16,75.3 1 1
github.com/Thanh17b4/practice/service/login.go:78.16,80.3 1 1
github.com/Thanh17b4/practice/service/login.go:83.16,85.3 1 0
github.com/Thanh17b4/practice/service/login.go:90.61,92.93 2 0
github.com/Thanh17b4/practice/service/login.go:95.2,95.16 1 0
github.com/Thanh17b4/practice/service/login.go:101.2,101.16 1 0
github.com/Thanh17b4/practice/service/login.go:104.2,104.69 1 0
github.com/Thanh17b4/practice/service/login.go:107.2,111.16 5 0
github.com/Thanh17b4/practice/service/login.go:114.2,114.28 1 0
github.com/Thanh17b4/practice/service/login.go:92.93,94.3 1 0
github.com/Thanh17b4/practice/service/login.go:95.16,96.37 1 0
github.com/Thanh17b4/practice/service/login.go:99.3,99.50 1 0
github.com/Thanh17b4/practice/service/login.go:96.37,98.4 1 0
github.com/Thanh17b4/practice/service/login.go:101.16,103.3 1 0
github.com/Thanh17b4/practice/service/login.go:104.69,106.3 1 0
github.com/Thanh17b4/practice/service/login.go:111.16,113.3 1 0
github.com/Thanh17b4/practice/service/otp.go:24.68,26.2 1 1
github.com/Thanh17b4/practice/service/otp.go:27.88,37.41 9 1
github.com/Thanh17b4/practice/service/otp.go:41.2,41.8 1 1
github.com/Thanh17b4/practice/service/otp.go:37.41,39.13 2 0
github.com/Thanh17b4/practice/service/otp.go:43.79,52.16 7 1
github.com/Thanh17b4/practice/service/otp.go:55.2,59.36 4 1
github.com/Thanh17b4/practice/service/otp.go:52.16,54.3 1 1
github.com/Thanh17b4/practice/service/otp.go:62.65,64.2 1 1
