mode: set
github.com/Thanh17b4/practice/repo/user.go:16.32,18.2 1 1
github.com/Thanh17b4/practice/repo/user.go:20.62,22.16 2 1
github.com/Thanh17b4/practice/repo/user.go:25.2,25.18 1 1
github.com/Thanh17b4/practice/repo/user.go:22.16,24.3 1 1
github.com/Thanh17b4/practice/repo/user.go:28.73,32.16 4 1
github.com/Thanh17b4/practice/repo/user.go:35.2,35.20 1 1
github.com/Thanh17b4/practice/repo/user.go:43.2,43.19 1 1
github.com/Thanh17b4/practice/repo/user.go:32.16,34.3 1 0
github.com/Thanh17b4/practice/repo/user.go:35.20,38.17 3 1
github.com/Thanh17b4/practice/repo/user.go:41.3,41.27 1 1
github.com/Thanh17b4/practice/repo/user.go:38.17,40.4 1 0
github.com/Thanh17b4/practice/repo/user.go:46.62,50.16 4 1
github.com/Thanh17b4/practice/repo/user.go:53.2,53.18 1 1
github.com/Thanh17b4/practice/repo/user.go:50.16,52.3 1 1
github.com/Thanh17b4/practice/repo/user.go:56.66,58.16 2 0
github.com/Thanh17b4/practice/repo/user.go:62.2,62.18 1 0
github.com/Thanh17b4/practice/repo/user.go:58.16,60.3 1 0
github.com/Thanh17b4/practice/repo/user.go:64.52,67.16 2 1
github.com/Thanh17b4/practice/repo/user.go:72.2,73.16 2 1
github.com/Thanh17b4/practice/repo/user.go:78.2,78.16 1 1
github.com/Thanh17b4/practice/repo/user.go:82.2,83.20 2 1
github.com/Thanh17b4/practice/repo/user.go:67.16,70.3 2 0
github.com/Thanh17b4/practice/repo/user.go:73.16,76.3 2 0
github.com/Thanh17b4/practice/repo/user.go:78.16,80.3 1 1
github.com/Thanh17b4/practice/repo/user.go:86.66,90.16 4 0
github.com/Thanh17b4/practice/repo/user.go:93.2,93.18 1 0
github.com/Thanh17b4/practice/repo/user.go:90.16,92.3 1 0
github.com/Thanh17b4/practice/repo/user.go:96.72,100.16 4 0
github.com/Thanh17b4/practice/repo/user.go:103.2,103.18 1 0
github.com/Thanh17b4/practice/repo/user.go:100.16,102.3 1 0
github.com/Thanh17b4/practice/repo/user.go:106.44,109.16 3 0
github.com/Thanh17b4/practice/repo/user.go:112.2,113.24 2 0
github.com/Thanh17b4/practice/repo/user.go:109.16,111.3 1 0
github.com/Thanh17b4/practice/repo/otp.go:14.34,16.2 1 0
github.com/Thanh17b4/practice/repo/otp.go:17.72,19.16 2 0
github.com/Thanh17b4/practice/repo/otp.go:22.2,22.17 1 0
github.com/Thanh17b4/practice/repo/otp.go:19.16,21.3 1 0
github.com/Thanh17b4/practice/repo/otp.go:25.66,29.16 4 0
github.com/Thanh17b4/practice/repo/otp.go:32.2,32.21 1 0
github.com/Thanh17b4/practice/repo/otp.go:29.16,31.3 1 0
