mode: set
github.com/Thanh17b4/practice/repo/otp.go:14.34,16.2 1 0
github.com/Thanh17b4/practice/repo/otp.go:17.72,19.16 2 0
github.com/Thanh17b4/practice/repo/otp.go:22.2,22.17 1 0
github.com/Thanh17b4/practice/repo/otp.go:19.16,21.3 1 0
github.com/Thanh17b4/practice/repo/otp.go:25.66,29.16 4 0
github.com/Thanh17b4/practice/repo/otp.go:32.2,32.21 1 0
github.com/Thanh17b4/practice/repo/otp.go:29.16,31.3 1 0
github.com/Thanh17b4/practice/repo/user.go:16.32,18.2 1 1
github.com/Thanh17b4/practice/repo/user.go:20.62,22.16 2 1
github.com/Thanh17b4/practice/repo/user.go:25.2,25.18 1 1
github.com/Thanh17b4/practice/repo/user.go:22.16,24.3 1 1
github.com/Thanh17b4/practice/repo/user.go:28.73,32.16 4 1
github.com/Thanh17b4/practice/repo/user.go:35.2,35.20 1 1
github.com/Thanh17b4/practice/repo/user.go:43.2,43.19 1 1
github.com/Thanh17b4/practice/repo/user.go:32.16,34.3 1 0
github.com/Thanh17b4/practice/repo/user.go:35.20,38.17 3 1
github.com/Thanh17b4/practice/repo/user.go:41.3,41.27 1 1
github.com/Thanh17b4/practice/repo/user.go:38.17,40.4 1 0
github.com/Thanh17b4/practice/repo/user.go:46.62,50.16 4 1
github.com/Thanh17b4/practice/repo/user.go:53.2,53.18 1 1
github.com/Thanh17b4/practice/repo/user.go:50.16,52.3 1 1
github.com/Thanh17b4/practice/repo/user.go:56.66,59.36 3 1
github.com/Thanh17b4/practice/repo/user.go:63.2,63.18 1 1
github.com/Thanh17b4/practice/repo/user.go:59.36,61.3 1 1
github.com/Thanh17b4/practice/repo/user.go:65.52,68.30 3 1
github.com/Thanh17b4/practice/repo/user.go:71.2,71.20 1 1
github.com/Thanh17b4/practice/repo/user.go:68.30,70.3 1 1
github.com/Thanh17b4/practice/repo/user.go:74.66,78.16 4 1
github.com/Thanh17b4/practice/repo/user.go:81.2,81.18 1 1
github.com/Thanh17b4/practice/repo/user.go:78.16,80.3 1 1
github.com/Thanh17b4/practice/repo/user.go:84.72,88.16 4 1
github.com/Thanh17b4/practice/repo/user.go:91.2,91.18 1 1
github.com/Thanh17b4/practice/repo/user.go:88.16,90.3 1 1
github.com/Thanh17b4/practice/repo/user.go:94.44,97.16 3 1
github.com/Thanh17b4/practice/repo/user.go:100.2,101.24 2 1
github.com/Thanh17b4/practice/repo/user.go:97.16,99.3 1 0
