mode: set
github.com/Thanh17b4/practice/handler/login.go:25.61,27.2 1 0
github.com/Thanh17b4/practice/handler/login.go:29.69,37.17 5 0
github.com/Thanh17b4/practice/handler/login.go:41.2,42.17 2 0
github.com/Thanh17b4/practice/handler/login.go:46.2,49.8 2 0
github.com/Thanh17b4/practice/handler/login.go:37.17,40.3 2 0
github.com/Thanh17b4/practice/handler/login.go:42.17,45.3 2 0
github.com/Thanh17b4/practice/handler/login.go:52.71,55.26 3 0
github.com/Thanh17b4/practice/handler/login.go:59.2,61.16 3 0
github.com/Thanh17b4/practice/handler/login.go:64.2,64.56 1 0
github.com/Thanh17b4/practice/handler/login.go:55.26,58.3 2 0
github.com/Thanh17b4/practice/handler/login.go:61.16,63.3 1 0
github.com/Thanh17b4/practice/handler/otp.go:19.53,21.2 1 0
github.com/Thanh17b4/practice/handler/otp.go:22.79,26.16 4 0
github.com/Thanh17b4/practice/handler/otp.go:31.2,32.16 2 0
github.com/Thanh17b4/practice/handler/otp.go:36.2,36.55 1 0
github.com/Thanh17b4/practice/handler/otp.go:26.16,29.3 2 0
github.com/Thanh17b4/practice/handler/otp.go:32.16,35.3 2 0
github.com/Thanh17b4/practice/handler/user_create.go:27.57,29.2 1 1
github.com/Thanh17b4/practice/handler/user_create.go:31.77,35.16 4 1
github.com/Thanh17b4/practice/handler/user_create.go:39.2,40.16 2 1
github.com/Thanh17b4/practice/handler/user_create.go:44.2,44.54 1 1
github.com/Thanh17b4/practice/handler/user_create.go:35.16,38.3 2 1
github.com/Thanh17b4/practice/handler/user_create.go:40.16,43.3 2 1
github.com/Thanh17b4/practice/handler/user_create.go:47.81,50.16 3 1
github.com/Thanh17b4/practice/handler/user_create.go:54.2,55.16 2 0
github.com/Thanh17b4/practice/handler/user_create.go:59.2,59.52 1 0
github.com/Thanh17b4/practice/handler/user_create.go:50.16,53.3 2 1
github.com/Thanh17b4/practice/handler/user_create.go:55.16,58.3 2 0
github.com/Thanh17b4/practice/handler/user_create.go:62.73,65.16 3 0
github.com/Thanh17b4/practice/handler/user_create.go:69.2,71.16 3 0
github.com/Thanh17b4/practice/handler/user_create.go:75.2,76.29 2 0
github.com/Thanh17b4/practice/handler/user_create.go:65.16,68.3 2 0
github.com/Thanh17b4/practice/handler/user_create.go:71.16,74.3 2 0
github.com/Thanh17b4/practice/handler/user_create.go:76.29,78.3 1 0
github.com/Thanh17b4/practice/handler/user_create.go:81.78,85.16 4 0
github.com/Thanh17b4/practice/handler/user_create.go:89.2,92.16 3 0
github.com/Thanh17b4/practice/handler/user_create.go:96.2,98.16 3 0
github.com/Thanh17b4/practice/handler/user_create.go:102.2,102.56 1 0
github.com/Thanh17b4/practice/handler/user_create.go:85.16,88.3 2 0
github.com/Thanh17b4/practice/handler/user_create.go:92.16,95.3 2 0
github.com/Thanh17b4/practice/handler/user_create.go:98.16,101.3 2 0
github.com/Thanh17b4/practice/handler/user_create.go:105.78,108.16 3 0
github.com/Thanh17b4/practice/handler/user_create.go:113.2,114.16 2 0
github.com/Thanh17b4/practice/handler/user_create.go:118.2,118.99 1 0
github.com/Thanh17b4/practice/handler/user_create.go:108.16,111.3 2 0
github.com/Thanh17b4/practice/handler/user_create.go:114.16,117.3 2 0
github.com/Thanh17b4/practice/handler/activate.go:18.73,20.2 1 0
github.com/Thanh17b4/practice/handler/activate.go:21.73,29.16 5 0
github.com/Thanh17b4/practice/handler/activate.go:33.2,34.16 2 0
github.com/Thanh17b4/practice/handler/activate.go:38.2,41.8 2 0
github.com/Thanh17b4/practice/handler/activate.go:29.16,32.3 2 0
github.com/Thanh17b4/practice/handler/activate.go:34.16,37.3 2 0
