mode: set
github.com/Thanh17b4/practice/handler/user_delete.go:12.78,15.16 3 1
github.com/Thanh17b4/practice/handler/user_delete.go:19.2,20.16 2 1
github.com/Thanh17b4/practice/handler/user_delete.go:24.2,24.99 1 1
github.com/Thanh17b4/practice/handler/user_delete.go:15.16,18.3 2 1
github.com/Thanh17b4/practice/handler/user_delete.go:20.16,23.3 2 1
github.com/Thanh17b4/practice/handler/user_detail.go:11.81,15.16 3 1
github.com/Thanh17b4/practice/handler/user_detail.go:19.2,20.16 2 1
github.com/Thanh17b4/practice/handler/user_detail.go:24.2,24.52 1 1
github.com/Thanh17b4/practice/handler/user_detail.go:15.16,18.3 2 1
github.com/Thanh17b4/practice/handler/user_detail.go:20.16,23.3 2 1
github.com/Thanh17b4/practice/handler/user_list.go:10.73,13.16 3 1
github.com/Thanh17b4/practice/handler/user_list.go:17.2,19.16 3 1
github.com/Thanh17b4/practice/handler/user_list.go:23.2,24.17 2 1
github.com/Thanh17b4/practice/handler/user_list.go:27.2,27.29 1 1
github.com/Thanh17b4/practice/handler/user_list.go:13.16,16.3 2 1
github.com/Thanh17b4/practice/handler/user_list.go:19.16,22.3 2 1
github.com/Thanh17b4/practice/handler/user_list.go:24.17,26.3 1 1
github.com/Thanh17b4/practice/handler/user_list.go:27.29,29.3 1 1
github.com/Thanh17b4/practice/handler/user_update.go:14.78,17.16 3 1
github.com/Thanh17b4/practice/handler/user_update.go:21.2,24.17 4 1
github.com/Thanh17b4/practice/handler/user_update.go:28.2,30.16 3 1
github.com/Thanh17b4/practice/handler/user_update.go:34.2,34.59 1 1
github.com/Thanh17b4/practice/handler/user_update.go:17.16,20.3 2 1
github.com/Thanh17b4/practice/handler/user_update.go:24.17,27.3 2 1
github.com/Thanh17b4/practice/handler/user_update.go:30.16,33.3 2 1
github.com/Thanh17b4/practice/handler/activate.go:18.73,20.2 1 1
github.com/Thanh17b4/practice/handler/activate.go:21.73,29.16 5 1
github.com/Thanh17b4/practice/handler/activate.go:33.2,34.16 2 1
github.com/Thanh17b4/practice/handler/activate.go:38.2,41.8 2 1
github.com/Thanh17b4/practice/handler/activate.go:29.16,32.3 2 1
github.com/Thanh17b4/practice/handler/activate.go:34.16,37.3 2 1
github.com/Thanh17b4/practice/handler/login.go:25.61,27.2 1 1
github.com/Thanh17b4/practice/handler/login.go:29.69,37.17 5 1
github.com/Thanh17b4/practice/handler/login.go:41.2,42.17 2 1
github.com/Thanh17b4/practice/handler/login.go:46.2,49.8 2 1
github.com/Thanh17b4/practice/handler/login.go:37.17,40.3 2 1
github.com/Thanh17b4/practice/handler/login.go:42.17,45.3 2 1
github.com/Thanh17b4/practice/handler/login.go:52.71,55.26 3 0
github.com/Thanh17b4/practice/handler/login.go:59.2,61.16 3 0
github.com/Thanh17b4/practice/handler/login.go:65.2,67.4 1 0
github.com/Thanh17b4/practice/handler/login.go:55.26,58.3 2 0
github.com/Thanh17b4/practice/handler/login.go:61.16,64.3 2 0
github.com/Thanh17b4/practice/handler/otp.go:19.53,21.2 1 1
github.com/Thanh17b4/practice/handler/otp.go:22.79,26.16 4 1
github.com/Thanh17b4/practice/handler/otp.go:31.2,32.16 2 1
github.com/Thanh17b4/practice/handler/otp.go:36.2,36.55 1 1
github.com/Thanh17b4/practice/handler/otp.go:26.16,29.3 2 1
github.com/Thanh17b4/practice/handler/otp.go:32.16,35.3 2 1
github.com/Thanh17b4/practice/handler/user_create.go:24.57,26.2 1 1
github.com/Thanh17b4/practice/handler/user_create.go:28.77,32.16 4 1
github.com/Thanh17b4/practice/handler/user_create.go:36.2,37.16 2 1
github.com/Thanh17b4/practice/handler/user_create.go:41.2,41.54 1 1
github.com/Thanh17b4/practice/handler/user_create.go:32.16,35.3 2 1
github.com/Thanh17b4/practice/handler/user_create.go:37.16,40.3 2 1
